{"name": "test_invalid_delete_employee", "status": "failed", "statusDetails": {"message": "AssertionError: assert 200 == 202\n +  where 200 = <Response [200]>.status_code", "trace": "initiate_url = <utils.util_api.BaseAPI object at 0x1045a7620>\n\n    def test_invalid_delete_employee(initiate_url):\n        delete_response = initiate_url.delete_request(\"/posts/KAR\")\n>       assert delete_response.status_code == 202\nE       assert 200 == 202\nE        +  where 200 = <Response [200]>.status_code\n\ntests/test_workflow.py:45: AssertionError"}, "start": 1763846793455, "stop": 1763846793595, "uuid": "a9466e43-e378-4569-bc12-287e62ff2e72", "historyId": "d56d82080664c93c12412f3e53fb53a1", "testCaseId": "d56d82080664c93c12412f3e53fb53a1", "fullName": "tests.test_workflow#test_invalid_delete_employee", "labels": [{"name": "parentSuite", "value": "tests"}, {"name": "suite", "value": "test_workflow"}, {"name": "host", "value": "MacBookPro"}, {"name": "thread", "value": "46025-MainThread"}, {"name": "framework", "value": "pytest"}, {"name": "language", "value": "cpython3"}, {"name": "package", "value": "tests.test_workflow"}], "titlePath": ["tests", "test_workflow.py"]}